<?xml version="1.0" encoding="UTF-8"?>
<!-- Generated by org.testng.reporters.JUnitReportReporter -->
<testsuite hostname="dipuna" failures="0" tests="3" name="com.actitime.testcases.TC1_ActitimeLoginLogout" time="7.655" errors="0" timestamp="2023-08-04T20:40:39 IST" skipped="0">
  <testcase classname="com.actitime.testcases.TC1_ActitimeLoginLogout" name="logout" time="1.416"/>
  <system-out/>
  <testcase classname="com.actitime.testcases.TC1_ActitimeLoginLogout" name="loginlogout" time="0.859"/>
  <system-out/>
  <testcase classname="com.actitime.testcases.TC1_ActitimeLoginLogout" name="titlevalidate" time="5.380"/>
  <system-out>
    <![CDATA[both titles are matching]]>
  </system-out>
</testsuite> <!-- com.actitime.testcases.TC1_ActitimeLoginLogout -->
